Determining if the pthread_create exist failed with the following output:
Change Dir: /home/adarsh/adarsh/Machine_Learning_in_Action/FaceDetection/dlib-19.6/tools/python/build/CMakeFiles/CMakeTmp

Run Build Command:"/usr/bin/make" "cmTC_5e40d/fast"
/usr/bin/make -f CMakeFiles/cmTC_5e40d.dir/build.make CMakeFiles/cmTC_5e40d.dir/build
make[1]: Entering directory '/home/adarsh/adarsh/Machine_Learning_in_Action/FaceDetection/dlib-19.6/tools/python/build/CMakeFiles/CMakeTmp'
Building C object CMakeFiles/cmTC_5e40d.dir/CheckSymbolExists.c.o
/usr/bin/cc    -fPIE   -o CMakeFiles/cmTC_5e40d.dir/CheckSymbolExists.c.o   -c /home/adarsh/adarsh/Machine_Learning_in_Action/FaceDetection/dlib-19.6/tools/python/build/CMakeFiles/CMakeTmp/CheckSymbolExists.c
Linking C executable cmTC_5e40d
/usr/bin/cmake -E cmake_link_script CMakeFiles/cmTC_5e40d.dir/link.txt --verbose=1
/usr/bin/cc       CMakeFiles/cmTC_5e40d.dir/CheckSymbolExists.c.o  -o cmTC_5e40d -rdynamic 
CMakeFiles/cmTC_5e40d.dir/CheckSymbolExists.c.o: In function `main':
CheckSymbolExists.c:(.text+0x1b): undefined reference to `pthread_create'
collect2: error: ld returned 1 exit status
CMakeFiles/cmTC_5e40d.dir/build.make:97: recipe for target 'cmTC_5e40d' failed
make[1]: *** [cmTC_5e40d] Error 1
make[1]: Leaving directory '/home/adarsh/adarsh/Machine_Learning_in_Action/FaceDetection/dlib-19.6/tools/python/build/CMakeFiles/CMakeTmp'
Makefile:126: recipe for target 'cmTC_5e40d/fast' failed
make: *** [cmTC_5e40d/fast] Error 2

File /home/adarsh/adarsh/Machine_Learning_in_Action/FaceDetection/dlib-19.6/tools/python/build/CMakeFiles/CMakeTmp/CheckSymbolExists.c:
/* */
#include <pthread.h>

int main(int argc, char** argv)
{
  (void)argv;
#ifndef pthread_create
  return ((int*)(&pthread_create))[argc];
#else
  (void)argc;
  return 0;
#endif
}

Determining if the function pthread_create exists in the pthreads failed with the following output:
Change Dir: /home/adarsh/adarsh/Machine_Learning_in_Action/FaceDetection/dlib-19.6/tools/python/build/CMakeFiles/CMakeTmp

Run Build Command:"/usr/bin/make" "cmTC_067b7/fast"
/usr/bin/make -f CMakeFiles/cmTC_067b7.dir/build.make CMakeFiles/cmTC_067b7.dir/build
make[1]: Entering directory '/home/adarsh/adarsh/Machine_Learning_in_Action/FaceDetection/dlib-19.6/tools/python/build/CMakeFiles/CMakeTmp'
Building C object CMakeFiles/cmTC_067b7.dir/CheckFunctionExists.c.o
/usr/bin/cc    -DCHECK_FUNCTION_EXISTS=pthread_create -fPIE   -o CMakeFiles/cmTC_067b7.dir/CheckFunctionExists.c.o   -c /usr/share/cmake-3.5/Modules/CheckFunctionExists.c
Linking C executable cmTC_067b7
/usr/bin/cmake -E cmake_link_script CMakeFiles/cmTC_067b7.dir/link.txt --verbose=1
/usr/bin/cc   -DCHECK_FUNCTION_EXISTS=pthread_create    CMakeFiles/cmTC_067b7.dir/CheckFunctionExists.c.o  -o cmTC_067b7 -rdynamic -lpthreads 
/usr/bin/ld: cannot find -lpthreads
collect2: error: ld returned 1 exit status
CMakeFiles/cmTC_067b7.dir/build.make:97: recipe for target 'cmTC_067b7' failed
make[1]: *** [cmTC_067b7] Error 1
make[1]: Leaving directory '/home/adarsh/adarsh/Machine_Learning_in_Action/FaceDetection/dlib-19.6/tools/python/build/CMakeFiles/CMakeTmp'
Makefile:126: recipe for target 'cmTC_067b7/fast' failed
make: *** [cmTC_067b7/fast] Error 2


