Determining if the pthread_create exist failed with the following output:
Change Dir: /home/adarsh/adarsh/Machine_Learning_in_Action/FaceDetection/dlib-19.6/python_examples/build/CMakeFiles/CMakeTmp

Run Build Command:"/usr/bin/make" "cmTC_36324/fast"
/usr/bin/make -f CMakeFiles/cmTC_36324.dir/build.make CMakeFiles/cmTC_36324.dir/build
make[1]: Entering directory '/home/adarsh/adarsh/Machine_Learning_in_Action/FaceDetection/dlib-19.6/python_examples/build/CMakeFiles/CMakeTmp'
Building C object CMakeFiles/cmTC_36324.dir/CheckSymbolExists.c.o
/usr/bin/cc    -fPIE   -o CMakeFiles/cmTC_36324.dir/CheckSymbolExists.c.o   -c /home/adarsh/adarsh/Machine_Learning_in_Action/FaceDetection/dlib-19.6/python_examples/build/CMakeFiles/CMakeTmp/CheckSymbolExists.c
Linking C executable cmTC_36324
/usr/bin/cmake -E cmake_link_script CMakeFiles/cmTC_36324.dir/link.txt --verbose=1
/usr/bin/cc       CMakeFiles/cmTC_36324.dir/CheckSymbolExists.c.o  -o cmTC_36324 -rdynamic 
CMakeFiles/cmTC_36324.dir/CheckSymbolExists.c.o: In function `main':
CheckSymbolExists.c:(.text+0x1b): undefined reference to `pthread_create'
collect2: error: ld returned 1 exit status
CMakeFiles/cmTC_36324.dir/build.make:97: recipe for target 'cmTC_36324' failed
make[1]: *** [cmTC_36324] Error 1
make[1]: Leaving directory '/home/adarsh/adarsh/Machine_Learning_in_Action/FaceDetection/dlib-19.6/python_examples/build/CMakeFiles/CMakeTmp'
Makefile:126: recipe for target 'cmTC_36324/fast' failed
make: *** [cmTC_36324/fast] Error 2

File /home/adarsh/adarsh/Machine_Learning_in_Action/FaceDetection/dlib-19.6/python_examples/build/CMakeFiles/CMakeTmp/CheckSymbolExists.c:
/* */
#include <pthread.h>

int main(int argc, char** argv)
{
  (void)argv;
#ifndef pthread_create
  return ((int*)(&pthread_create))[argc];
#else
  (void)argc;
  return 0;
#endif
}

Determining if the function pthread_create exists in the pthreads failed with the following output:
Change Dir: /home/adarsh/adarsh/Machine_Learning_in_Action/FaceDetection/dlib-19.6/python_examples/build/CMakeFiles/CMakeTmp

Run Build Command:"/usr/bin/make" "cmTC_cb389/fast"
/usr/bin/make -f CMakeFiles/cmTC_cb389.dir/build.make CMakeFiles/cmTC_cb389.dir/build
make[1]: Entering directory '/home/adarsh/adarsh/Machine_Learning_in_Action/FaceDetection/dlib-19.6/python_examples/build/CMakeFiles/CMakeTmp'
Building C object CMakeFiles/cmTC_cb389.dir/CheckFunctionExists.c.o
/usr/bin/cc    -DCHECK_FUNCTION_EXISTS=pthread_create -fPIE   -o CMakeFiles/cmTC_cb389.dir/CheckFunctionExists.c.o   -c /usr/share/cmake-3.5/Modules/CheckFunctionExists.c
Linking C executable cmTC_cb389
/usr/bin/cmake -E cmake_link_script CMakeFiles/cmTC_cb389.dir/link.txt --verbose=1
/usr/bin/cc   -DCHECK_FUNCTION_EXISTS=pthread_create    CMakeFiles/cmTC_cb389.dir/CheckFunctionExists.c.o  -o cmTC_cb389 -rdynamic -lpthreads 
/usr/bin/ld: cannot find -lpthreads
collect2: error: ld returned 1 exit status
CMakeFiles/cmTC_cb389.dir/build.make:97: recipe for target 'cmTC_cb389' failed
make[1]: *** [cmTC_cb389] Error 1
make[1]: Leaving directory '/home/adarsh/adarsh/Machine_Learning_in_Action/FaceDetection/dlib-19.6/python_examples/build/CMakeFiles/CMakeTmp'
Makefile:126: recipe for target 'cmTC_cb389/fast' failed
make: *** [cmTC_cb389/fast] Error 2


