Determining if the pthread_create exist failed with the following output:
Change Dir: /home/adarsh/adarsh/Machine_Learning_in_Action/FaceDetection/dlib-19.6/build/CMakeFiles/CMakeTmp

Run Build Command:"/usr/bin/make" "cmTC_0f177/fast"
/usr/bin/make -f CMakeFiles/cmTC_0f177.dir/build.make CMakeFiles/cmTC_0f177.dir/build
make[1]: Entering directory '/home/adarsh/adarsh/Machine_Learning_in_Action/FaceDetection/dlib-19.6/build/CMakeFiles/CMakeTmp'
Building C object CMakeFiles/cmTC_0f177.dir/CheckSymbolExists.c.o
/usr/bin/cc     -o CMakeFiles/cmTC_0f177.dir/CheckSymbolExists.c.o   -c /home/adarsh/adarsh/Machine_Learning_in_Action/FaceDetection/dlib-19.6/build/CMakeFiles/CMakeTmp/CheckSymbolExists.c
Linking C executable cmTC_0f177
/usr/bin/cmake -E cmake_link_script CMakeFiles/cmTC_0f177.dir/link.txt --verbose=1
/usr/bin/cc       CMakeFiles/cmTC_0f177.dir/CheckSymbolExists.c.o  -o cmTC_0f177 -rdynamic 
CMakeFiles/cmTC_0f177.dir/CheckSymbolExists.c.o: In function `main':
CheckSymbolExists.c:(.text+0x16): undefined reference to `pthread_create'
collect2: error: ld returned 1 exit status
CMakeFiles/cmTC_0f177.dir/build.make:97: recipe for target 'cmTC_0f177' failed
make[1]: *** [cmTC_0f177] Error 1
make[1]: Leaving directory '/home/adarsh/adarsh/Machine_Learning_in_Action/FaceDetection/dlib-19.6/build/CMakeFiles/CMakeTmp'
Makefile:126: recipe for target 'cmTC_0f177/fast' failed
make: *** [cmTC_0f177/fast] Error 2

File /home/adarsh/adarsh/Machine_Learning_in_Action/FaceDetection/dlib-19.6/build/CMakeFiles/CMakeTmp/CheckSymbolExists.c:
/* */
#include <pthread.h>

int main(int argc, char** argv)
{
  (void)argv;
#ifndef pthread_create
  return ((int*)(&pthread_create))[argc];
#else
  (void)argc;
  return 0;
#endif
}

Determining if the function pthread_create exists in the pthreads failed with the following output:
Change Dir: /home/adarsh/adarsh/Machine_Learning_in_Action/FaceDetection/dlib-19.6/build/CMakeFiles/CMakeTmp

Run Build Command:"/usr/bin/make" "cmTC_89987/fast"
/usr/bin/make -f CMakeFiles/cmTC_89987.dir/build.make CMakeFiles/cmTC_89987.dir/build
make[1]: Entering directory '/home/adarsh/adarsh/Machine_Learning_in_Action/FaceDetection/dlib-19.6/build/CMakeFiles/CMakeTmp'
Building C object CMakeFiles/cmTC_89987.dir/CheckFunctionExists.c.o
/usr/bin/cc    -DCHECK_FUNCTION_EXISTS=pthread_create   -o CMakeFiles/cmTC_89987.dir/CheckFunctionExists.c.o   -c /usr/share/cmake-3.5/Modules/CheckFunctionExists.c
Linking C executable cmTC_89987
/usr/bin/cmake -E cmake_link_script CMakeFiles/cmTC_89987.dir/link.txt --verbose=1
/usr/bin/cc   -DCHECK_FUNCTION_EXISTS=pthread_create    CMakeFiles/cmTC_89987.dir/CheckFunctionExists.c.o  -o cmTC_89987 -rdynamic -lpthreads 
/usr/bin/ld: cannot find -lpthreads
collect2: error: ld returned 1 exit status
CMakeFiles/cmTC_89987.dir/build.make:97: recipe for target 'cmTC_89987' failed
make[1]: *** [cmTC_89987] Error 1
make[1]: Leaving directory '/home/adarsh/adarsh/Machine_Learning_in_Action/FaceDetection/dlib-19.6/build/CMakeFiles/CMakeTmp'
Makefile:126: recipe for target 'cmTC_89987/fast' failed
make: *** [cmTC_89987/fast] Error 2


Determining if the function sgetrf_single exists failed with the following output:
Change Dir: /home/adarsh/adarsh/Machine_Learning_in_Action/FaceDetection/dlib-19.6/build/CMakeFiles/CMakeTmp

Run Build Command:"/usr/bin/make" "cmTC_4a7e6/fast"
/usr/bin/make -f CMakeFiles/cmTC_4a7e6.dir/build.make CMakeFiles/cmTC_4a7e6.dir/build
make[1]: Entering directory '/home/adarsh/adarsh/Machine_Learning_in_Action/FaceDetection/dlib-19.6/build/CMakeFiles/CMakeTmp'
Building C object CMakeFiles/cmTC_4a7e6.dir/CheckFunctionExists.c.o
/usr/bin/cc    -DCHECK_FUNCTION_EXISTS=sgetrf_single   -o CMakeFiles/cmTC_4a7e6.dir/CheckFunctionExists.c.o   -c /usr/share/cmake-3.5/Modules/CheckFunctionExists.c
Linking C executable cmTC_4a7e6
/usr/bin/cmake -E cmake_link_script CMakeFiles/cmTC_4a7e6.dir/link.txt --verbose=1
/usr/bin/cc   -DCHECK_FUNCTION_EXISTS=sgetrf_single    CMakeFiles/cmTC_4a7e6.dir/CheckFunctionExists.c.o  -o cmTC_4a7e6 -rdynamic /usr/lib/libcblas.so 
CMakeFiles/cmTC_4a7e6.dir/CheckFunctionExists.c.o: In function `main':
CheckFunctionExists.c:(.text+0x15): undefined reference to `sgetrf_single'
collect2: error: ld returned 1 exit status
CMakeFiles/cmTC_4a7e6.dir/build.make:98: recipe for target 'cmTC_4a7e6' failed
make[1]: *** [cmTC_4a7e6] Error 1
make[1]: Leaving directory '/home/adarsh/adarsh/Machine_Learning_in_Action/FaceDetection/dlib-19.6/build/CMakeFiles/CMakeTmp'
Makefile:126: recipe for target 'cmTC_4a7e6/fast' failed
make: *** [cmTC_4a7e6/fast] Error 2


