The system is: Linux - 4.4.0-119-generic - x86_64
Compiling the C compiler identification source file "CMakeCCompilerId.c" succeeded.
Compiler: /usr/bin/cc 
Build flags: 
Id flags: 

The output was:
0


Compilation of the C compiler identification source "CMakeCCompilerId.c" produced "a.out"

The C compiler identification is GNU, found in "/home/adarsh/adarsh/Machine_Learning_in_Action/FaceDetection/dlib-19.6/build/CMakeFiles/3.5.1/CompilerIdC/a.out"

Compiling the CXX compiler identification source file "CMakeCXXCompilerId.cpp" succeeded.
Compiler: /usr/bin/c++ 
Build flags: 
Id flags: 

The output was:
0


Compilation of the CXX compiler identification source "CMakeCXXCompilerId.cpp" produced "a.out"

The CXX compiler identification is GNU, found in "/home/adarsh/adarsh/Machine_Learning_in_Action/FaceDetection/dlib-19.6/build/CMakeFiles/3.5.1/CompilerIdCXX/a.out"

Determining if the C compiler works passed with the following output:
Change Dir: /home/adarsh/adarsh/Machine_Learning_in_Action/FaceDetection/dlib-19.6/build/CMakeFiles/CMakeTmp

Run Build Command:"/usr/bin/make" "cmTC_9bd31/fast"
/usr/bin/make -f CMakeFiles/cmTC_9bd31.dir/build.make CMakeFiles/cmTC_9bd31.dir/build
make[1]: Entering directory '/home/adarsh/adarsh/Machine_Learning_in_Action/FaceDetection/dlib-19.6/build/CMakeFiles/CMakeTmp'
Building C object CMakeFiles/cmTC_9bd31.dir/testCCompiler.c.o
/usr/bin/cc     -o CMakeFiles/cmTC_9bd31.dir/testCCompiler.c.o   -c /home/adarsh/adarsh/Machine_Learning_in_Action/FaceDetection/dlib-19.6/build/CMakeFiles/CMakeTmp/testCCompiler.c
Linking C executable cmTC_9bd31
/usr/bin/cmake -E cmake_link_script CMakeFiles/cmTC_9bd31.dir/link.txt --verbose=1
/usr/bin/cc       CMakeFiles/cmTC_9bd31.dir/testCCompiler.c.o  -o cmTC_9bd31 -rdynamic 
make[1]: Leaving directory '/home/adarsh/adarsh/Machine_Learning_in_Action/FaceDetection/dlib-19.6/build/CMakeFiles/CMakeTmp'


Detecting C compiler ABI info compiled with the following output:
Change Dir: /home/adarsh/adarsh/Machine_Learning_in_Action/FaceDetection/dlib-19.6/build/CMakeFiles/CMakeTmp

Run Build Command:"/usr/bin/make" "cmTC_f9958/fast"
/usr/bin/make -f CMakeFiles/cmTC_f9958.dir/build.make CMakeFiles/cmTC_f9958.dir/build
make[1]: Entering directory '/home/adarsh/adarsh/Machine_Learning_in_Action/FaceDetection/dlib-19.6/build/CMakeFiles/CMakeTmp'
Building C object CMakeFiles/cmTC_f9958.dir/CMakeCCompilerABI.c.o
/usr/bin/cc     -o CMakeFiles/cmTC_f9958.dir/CMakeCCompilerABI.c.o   -c /usr/share/cmake-3.5/Modules/CMakeCCompilerABI.c
Linking C executable cmTC_f9958
/usr/bin/cmake -E cmake_link_script CMakeFiles/cmTC_f9958.dir/link.txt --verbose=1
/usr/bin/cc      -v CMakeFiles/cmTC_f9958.dir/CMakeCCompilerABI.c.o  -o cmTC_f9958 -rdynamic  
Using built-in specs.
COLLECT_GCC=/usr/bin/cc
COLLECT_LTO_WRAPPER=/usr/lib/gcc/x86_64-linux-gnu/5/lto-wrapper
Target: x86_64-linux-gnu
Configured with: ../src/configure -v --with-pkgversion='Ubuntu 5.4.0-6ubuntu1~16.04.9' --with-bugurl=file:///usr/share/doc/gcc-5/README.Bugs --enable-languages=c,ada,c++,java,go,d,fortran,objc,obj-c++ --prefix=/usr --program-suffix=-5 --enable-shared --enable-linker-build-id --libexecdir=/usr/lib --without-included-gettext --enable-threads=posix --libdir=/usr/lib --enable-nls --with-sysroot=/ --enable-clocale=gnu --enable-libstdcxx-debug --enable-libstdcxx-time=yes --with-default-libstdcxx-abi=new --enable-gnu-unique-object --disable-vtable-verify --enable-libmpx --enable-plugin --with-system-zlib --disable-browser-plugin --enable-java-awt=gtk --enable-gtk-cairo --with-java-home=/usr/lib/jvm/java-1.5.0-gcj-5-amd64/jre --enable-java-home --with-jvm-root-dir=/usr/lib/jvm/java-1.5.0-gcj-5-amd64 --with-jvm-jar-dir=/usr/lib/jvm-exports/java-1.5.0-gcj-5-amd64 --with-arch-directory=amd64 --with-ecj-jar=/usr/share/java/eclipse-ecj.jar --enable-objc-gc --enable-multiarch --disable-werror --with-arch-32=i686 --with-abi=m64 --with-multilib-list=m32,m64,mx32 --enable-multilib --with-tune=generic --enable-checking=release --build=x86_64-linux-gnu --host=x86_64-linux-gnu --target=x86_64-linux-gnu
Thread model: posix
gcc version 5.4.0 20160609 (Ubuntu 5.4.0-6ubuntu1~16.04.9) 
COMPILER_PATH=/usr/lib/gcc/x86_64-linux-gnu/5/:/usr/lib/gcc/x86_64-linux-gnu/5/:/usr/lib/gcc/x86_64-linux-gnu/:/usr/lib/gcc/x86_64-linux-gnu/5/:/usr/lib/gcc/x86_64-linux-gnu/
LIBRARY_PATH=/usr/lib/gcc/x86_64-linux-gnu/5/:/usr/lib/gcc/x86_64-linux-gnu/5/../../../x86_64-linux-gnu/:/usr/lib/gcc/x86_64-linux-gnu/5/../../../../lib/:/lib/x86_64-linux-gnu/:/lib/../lib/:/usr/lib/x86_64-linux-gnu/:/usr/lib/../lib/:/usr/lib/gcc/x86_64-linux-gnu/5/../../../:/lib/:/usr/lib/
COLLECT_GCC_OPTIONS='-v' '-o' 'cmTC_f9958' '-rdynamic' '-mtune=generic' '-march=x86-64'
 /usr/lib/gcc/x86_64-linux-gnu/5/collect2 -plugin /usr/lib/gcc/x86_64-linux-gnu/5/liblto_plugin.so -plugin-opt=/usr/lib/gcc/x86_64-linux-gnu/5/lto-wrapper -plugin-opt=-fresolution=/tmp/ccKUiCC6.res -plugin-opt=-pass-through=-lgcc -plugin-opt=-pass-through=-lgcc_s -plugin-opt=-pass-through=-lc -plugin-opt=-pass-through=-lgcc -plugin-opt=-pass-through=-lgcc_s --sysroot=/ --build-id --eh-frame-hdr -m elf_x86_64 --hash-style=gnu --as-needed -export-dynamic -dynamic-linker /lib64/ld-linux-x86-64.so.2 -z relro -o cmTC_f9958 /usr/lib/gcc/x86_64-linux-gnu/5/../../../x86_64-linux-gnu/crt1.o /usr/lib/gcc/x86_64-linux-gnu/5/../../../x86_64-linux-gnu/crti.o /usr/lib/gcc/x86_64-linux-gnu/5/crtbegin.o -L/usr/lib/gcc/x86_64-linux-gnu/5 -L/usr/lib/gcc/x86_64-linux-gnu/5/../../../x86_64-linux-gnu -L/usr/lib/gcc/x86_64-linux-gnu/5/../../../../lib -L/lib/x86_64-linux-gnu -L/lib/../lib -L/usr/lib/x86_64-linux-gnu -L/usr/lib/../lib -L/usr/lib/gcc/x86_64-linux-gnu/5/../../.. CMakeFiles/cmTC_f9958.dir/CMakeCCompilerABI.c.o -lgcc --as-needed -lgcc_s --no-as-needed -lc -lgcc --as-needed -lgcc_s --no-as-needed /usr/lib/gcc/x86_64-linux-gnu/5/crtend.o /usr/lib/gcc/x86_64-linux-gnu/5/../../../x86_64-linux-gnu/crtn.o
make[1]: Leaving directory '/home/adarsh/adarsh/Machine_Learning_in_Action/FaceDetection/dlib-19.6/build/CMakeFiles/CMakeTmp'


Parsed C implicit link information from above output:
  link line regex: [^( *|.*[/\])(ld|([^/\]+-)?ld|collect2)[^/\]*( |$)]
  ignore line: [Change Dir: /home/adarsh/adarsh/Machine_Learning_in_Action/FaceDetection/dlib-19.6/build/CMakeFiles/CMakeTmp]
  ignore line: []
  ignore line: [Run Build Command:"/usr/bin/make" "cmTC_f9958/fast"]
  ignore line: [/usr/bin/make -f CMakeFiles/cmTC_f9958.dir/build.make CMakeFiles/cmTC_f9958.dir/build]
  ignore line: [make[1]: Entering directory '/home/adarsh/adarsh/Machine_Learning_in_Action/FaceDetection/dlib-19.6/build/CMakeFiles/CMakeTmp']
  ignore line: [Building C object CMakeFiles/cmTC_f9958.dir/CMakeCCompilerABI.c.o]
  ignore line: [/usr/bin/cc     -o CMakeFiles/cmTC_f9958.dir/CMakeCCompilerABI.c.o   -c /usr/share/cmake-3.5/Modules/CMakeCCompilerABI.c]
  ignore line: [Linking C executable cmTC_f9958]
  ignore line: [/usr/bin/cmake -E cmake_link_script CMakeFiles/cmTC_f9958.dir/link.txt --verbose=1]
  ignore line: [/usr/bin/cc      -v CMakeFiles/cmTC_f9958.dir/CMakeCCompilerABI.c.o  -o cmTC_f9958 -rdynamic  ]
  ignore line: [Using built-in specs.]
  ignore line: [COLLECT_GCC=/usr/bin/cc]
  ignore line: [COLLECT_LTO_WRAPPER=/usr/lib/gcc/x86_64-linux-gnu/5/lto-wrapper]
  ignore line: [Target: x86_64-linux-gnu]
  ignore line: [Configured with: ../src/configure -v --with-pkgversion='Ubuntu 5.4.0-6ubuntu1~16.04.9' --with-bugurl=file:///usr/share/doc/gcc-5/README.Bugs --enable-languages=c,ada,c++,java,go,d,fortran,objc,obj-c++ --prefix=/usr --program-suffix=-5 --enable-shared --enable-linker-build-id --libexecdir=/usr/lib --without-included-gettext --enable-threads=posix --libdir=/usr/lib --enable-nls --with-sysroot=/ --enable-clocale=gnu --enable-libstdcxx-debug --enable-libstdcxx-time=yes --with-default-libstdcxx-abi=new --enable-gnu-unique-object --disable-vtable-verify --enable-libmpx --enable-plugin --with-system-zlib --disable-browser-plugin --enable-java-awt=gtk --enable-gtk-cairo --with-java-home=/usr/lib/jvm/java-1.5.0-gcj-5-amd64/jre --enable-java-home --with-jvm-root-dir=/usr/lib/jvm/java-1.5.0-gcj-5-amd64 --with-jvm-jar-dir=/usr/lib/jvm-exports/java-1.5.0-gcj-5-amd64 --with-arch-directory=amd64 --with-ecj-jar=/usr/share/java/eclipse-ecj.jar --enable-objc-gc --enable-multiarch --disable-werror --with-arch-32=i686 --with-abi=m64 --with-multilib-list=m32,m64,mx32 --enable-multilib --with-tune=generic --enable-checking=release --build=x86_64-linux-gnu --host=x86_64-linux-gnu --target=x86_64-linux-gnu]
  ignore line: [Thread model: posix]
  ignore line: [gcc version 5.4.0 20160609 (Ubuntu 5.4.0-6ubuntu1~16.04.9) ]
  ignore line: [COMPILER_PATH=/usr/lib/gcc/x86_64-linux-gnu/5/:/usr/lib/gcc/x86_64-linux-gnu/5/:/usr/lib/gcc/x86_64-linux-gnu/:/usr/lib/gcc/x86_64-linux-gnu/5/:/usr/lib/gcc/x86_64-linux-gnu/]
  ignore line: [LIBRARY_PATH=/usr/lib/gcc/x86_64-linux-gnu/5/:/usr/lib/gcc/x86_64-linux-gnu/5/../../../x86_64-linux-gnu/:/usr/lib/gcc/x86_64-linux-gnu/5/../../../../lib/:/lib/x86_64-linux-gnu/:/lib/../lib/:/usr/lib/x86_64-linux-gnu/:/usr/lib/../lib/:/usr/lib/gcc/x86_64-linux-gnu/5/../../../:/lib/:/usr/lib/]
  ignore line: [COLLECT_GCC_OPTIONS='-v' '-o' 'cmTC_f9958' '-rdynamic' '-mtune=generic' '-march=x86-64']
  link line: [ /usr/lib/gcc/x86_64-linux-gnu/5/collect2 -plugin /usr/lib/gcc/x86_64-linux-gnu/5/liblto_plugin.so -plugin-opt=/usr/lib/gcc/x86_64-linux-gnu/5/lto-wrapper -plugin-opt=-fresolution=/tmp/ccKUiCC6.res -plugin-opt=-pass-through=-lgcc -plugin-opt=-pass-through=-lgcc_s -plugin-opt=-pass-through=-lc -plugin-opt=-pass-through=-lgcc -plugin-opt=-pass-through=-lgcc_s --sysroot=/ --build-id --eh-frame-hdr -m elf_x86_64 --hash-style=gnu --as-needed -export-dynamic -dynamic-linker /lib64/ld-linux-x86-64.so.2 -z relro -o cmTC_f9958 /usr/lib/gcc/x86_64-linux-gnu/5/../../../x86_64-linux-gnu/crt1.o /usr/lib/gcc/x86_64-linux-gnu/5/../../../x86_64-linux-gnu/crti.o /usr/lib/gcc/x86_64-linux-gnu/5/crtbegin.o -L/usr/lib/gcc/x86_64-linux-gnu/5 -L/usr/lib/gcc/x86_64-linux-gnu/5/../../../x86_64-linux-gnu -L/usr/lib/gcc/x86_64-linux-gnu/5/../../../../lib -L/lib/x86_64-linux-gnu -L/lib/../lib -L/usr/lib/x86_64-linux-gnu -L/usr/lib/../lib -L/usr/lib/gcc/x86_64-linux-gnu/5/../../.. CMakeFiles/cmTC_f9958.dir/CMakeCCompilerABI.c.o -lgcc --as-needed -lgcc_s --no-as-needed -lc -lgcc --as-needed -lgcc_s --no-as-needed /usr/lib/gcc/x86_64-linux-gnu/5/crtend.o /usr/lib/gcc/x86_64-linux-gnu/5/../../../x86_64-linux-gnu/crtn.o]
    arg [/usr/lib/gcc/x86_64-linux-gnu/5/collect2] ==> ignore
    arg [-plugin] ==> ignore
    arg [/usr/lib/gcc/x86_64-linux-gnu/5/liblto_plugin.so] ==> ignore
    arg [-plugin-opt=/usr/lib/gcc/x86_64-linux-gnu/5/lto-wrapper] ==> ignore
    arg [-plugin-opt=-fresolution=/tmp/ccKUiCC6.res] ==> ignore
    arg [-plugin-opt=-pass-through=-lgcc] ==> ignore
    arg [-plugin-opt=-pass-through=-lgcc_s] ==> ignore
    arg [-plugin-opt=-pass-through=-lc] ==> ignore
    arg [-plugin-opt=-pass-through=-lgcc] ==> ignore
    arg [-plugin-opt=-pass-through=-lgcc_s] ==> ignore
    arg [--sysroot=/] ==> ignore
    arg [--build-id] ==> ignore
    arg [--eh-frame-hdr] ==> ignore
    arg [-m] ==> ignore
    arg [elf_x86_64] ==> ignore
    arg [--hash-style=gnu] ==> ignore
    arg [--as-needed] ==> ignore
    arg [-export-dynamic] ==> ignore
    arg [-dynamic-linker] ==> ignore
    arg [/lib64/ld-linux-x86-64.so.2] ==> ignore
    arg [-zrelro] ==> ignore
    arg [-o] ==> ignore
    arg [cmTC_f9958] ==> ignore
    arg [/usr/lib/gcc/x86_64-linux-gnu/5/../../../x86_64-linux-gnu/crt1.o] ==> ignore
    arg [/usr/lib/gcc/x86_64-linux-gnu/5/../../../x86_64-linux-gnu/crti.o] ==> ignore
    arg [/usr/lib/gcc/x86_64-linux-gnu/5/crtbegin.o] ==> ignore
    arg [-L/usr/lib/gcc/x86_64-linux-gnu/5] ==> dir [/usr/lib/gcc/x86_64-linux-gnu/5]
    arg [-L/usr/lib/gcc/x86_64-linux-gnu/5/../../../x86_64-linux-gnu] ==> dir [/usr/lib/gcc/x86_64-linux-gnu/5/../../../x86_64-linux-gnu]
    arg [-L/usr/lib/gcc/x86_64-linux-gnu/5/../../../../lib] ==> dir [/usr/lib/gcc/x86_64-linux-gnu/5/../../../../lib]
    arg [-L/lib/x86_64-linux-gnu] ==> dir [/lib/x86_64-linux-gnu]
    arg [-L/lib/../lib] ==> dir [/lib/../lib]
    arg [-L/usr/lib/x86_64-linux-gnu] ==> dir [/usr/lib/x86_64-linux-gnu]
    arg [-L/usr/lib/../lib] ==> dir [/usr/lib/../lib]
    arg [-L/usr/lib/gcc/x86_64-linux-gnu/5/../../..] ==> dir [/usr/lib/gcc/x86_64-linux-gnu/5/../../..]
    arg [CMakeFiles/cmTC_f9958.dir/CMakeCCompilerABI.c.o] ==> ignore
    arg [-lgcc] ==> lib [gcc]
    arg [--as-needed] ==> ignore
    arg [-lgcc_s] ==> lib [gcc_s]
    arg [--no-as-needed] ==> ignore
    arg [-lc] ==> lib [c]
    arg [-lgcc] ==> lib [gcc]
    arg [--as-needed] ==> ignore
    arg [-lgcc_s] ==> lib [gcc_s]
    arg [--no-as-needed] ==> ignore
    arg [/usr/lib/gcc/x86_64-linux-gnu/5/crtend.o] ==> ignore
    arg [/usr/lib/gcc/x86_64-linux-gnu/5/../../../x86_64-linux-gnu/crtn.o] ==> ignore
  remove lib [gcc]
  remove lib [gcc_s]
  remove lib [gcc]
  remove lib [gcc_s]
  collapse library dir [/usr/lib/gcc/x86_64-linux-gnu/5] ==> [/usr/lib/gcc/x86_64-linux-gnu/5]
  collapse library dir [/usr/lib/gcc/x86_64-linux-gnu/5/../../../x86_64-linux-gnu] ==> [/usr/lib/x86_64-linux-gnu]
  collapse library dir [/usr/lib/gcc/x86_64-linux-gnu/5/../../../../lib] ==> [/usr/lib]
  collapse library dir [/lib/x86_64-linux-gnu] ==> [/lib/x86_64-linux-gnu]
  collapse library dir [/lib/../lib] ==> [/lib]
  collapse library dir [/usr/lib/x86_64-linux-gnu] ==> [/usr/lib/x86_64-linux-gnu]
  collapse library dir [/usr/lib/../lib] ==> [/usr/lib]
  collapse library dir [/usr/lib/gcc/x86_64-linux-gnu/5/../../..] ==> [/usr/lib]
  implicit libs: [c]
  implicit dirs: [/usr/lib/gcc/x86_64-linux-gnu/5;/usr/lib/x86_64-linux-gnu;/usr/lib;/lib/x86_64-linux-gnu;/lib]
  implicit fwks: []




Detecting C [-std=c11] compiler features compiled with the following output:
Change Dir: /home/adarsh/adarsh/Machine_Learning_in_Action/FaceDetection/dlib-19.6/build/CMakeFiles/CMakeTmp

Run Build Command:"/usr/bin/make" "cmTC_d8f6c/fast"
/usr/bin/make -f CMakeFiles/cmTC_d8f6c.dir/build.make CMakeFiles/cmTC_d8f6c.dir/build
make[1]: Entering directory '/home/adarsh/adarsh/Machine_Learning_in_Action/FaceDetection/dlib-19.6/build/CMakeFiles/CMakeTmp'
Building C object CMakeFiles/cmTC_d8f6c.dir/feature_tests.c.o
/usr/bin/cc    -std=c11 -o CMakeFiles/cmTC_d8f6c.dir/feature_tests.c.o   -c /home/adarsh/adarsh/Machine_Learning_in_Action/FaceDetection/dlib-19.6/build/CMakeFiles/feature_tests.c
Linking C executable cmTC_d8f6c
/usr/bin/cmake -E cmake_link_script CMakeFiles/cmTC_d8f6c.dir/link.txt --verbose=1
/usr/bin/cc       CMakeFiles/cmTC_d8f6c.dir/feature_tests.c.o  -o cmTC_d8f6c -rdynamic 
make[1]: Leaving directory '/home/adarsh/adarsh/Machine_Learning_in_Action/FaceDetection/dlib-19.6/build/CMakeFiles/CMakeTmp'


    Feature record: C_FEATURE:1c_function_prototypes
    Feature record: C_FEATURE:1c_restrict
    Feature record: C_FEATURE:1c_static_assert
    Feature record: C_FEATURE:1c_variadic_macros


Detecting C [-std=c99] compiler features compiled with the following output:
Change Dir: /home/adarsh/adarsh/Machine_Learning_in_Action/FaceDetection/dlib-19.6/build/CMakeFiles/CMakeTmp

Run Build Command:"/usr/bin/make" "cmTC_06c28/fast"
/usr/bin/make -f CMakeFiles/cmTC_06c28.dir/build.make CMakeFiles/cmTC_06c28.dir/build
make[1]: Entering directory '/home/adarsh/adarsh/Machine_Learning_in_Action/FaceDetection/dlib-19.6/build/CMakeFiles/CMakeTmp'
Building C object CMakeFiles/cmTC_06c28.dir/feature_tests.c.o
/usr/bin/cc    -std=c99 -o CMakeFiles/cmTC_06c28.dir/feature_tests.c.o   -c /home/adarsh/adarsh/Machine_Learning_in_Action/FaceDetection/dlib-19.6/build/CMakeFiles/feature_tests.c
Linking C executable cmTC_06c28
/usr/bin/cmake -E cmake_link_script CMakeFiles/cmTC_06c28.dir/link.txt --verbose=1
/usr/bin/cc       CMakeFiles/cmTC_06c28.dir/feature_tests.c.o  -o cmTC_06c28 -rdynamic 
make[1]: Leaving directory '/home/adarsh/adarsh/Machine_Learning_in_Action/FaceDetection/dlib-19.6/build/CMakeFiles/CMakeTmp'


    Feature record: C_FEATURE:1c_function_prototypes
    Feature record: C_FEATURE:1c_restrict
    Feature record: C_FEATURE:0c_static_assert
    Feature record: C_FEATURE:1c_variadic_macros


Detecting C [-std=c90] compiler features compiled with the following output:
Change Dir: /home/adarsh/adarsh/Machine_Learning_in_Action/FaceDetection/dlib-19.6/build/CMakeFiles/CMakeTmp

Run Build Command:"/usr/bin/make" "cmTC_bc797/fast"
/usr/bin/make -f CMakeFiles/cmTC_bc797.dir/build.make CMakeFiles/cmTC_bc797.dir/build
make[1]: Entering directory '/home/adarsh/adarsh/Machine_Learning_in_Action/FaceDetection/dlib-19.6/build/CMakeFiles/CMakeTmp'
Building C object CMakeFiles/cmTC_bc797.dir/feature_tests.c.o
/usr/bin/cc    -std=c90 -o CMakeFiles/cmTC_bc797.dir/feature_tests.c.o   -c /home/adarsh/adarsh/Machine_Learning_in_Action/FaceDetection/dlib-19.6/build/CMakeFiles/feature_tests.c
Linking C executable cmTC_bc797
/usr/bin/cmake -E cmake_link_script CMakeFiles/cmTC_bc797.dir/link.txt --verbose=1
/usr/bin/cc       CMakeFiles/cmTC_bc797.dir/feature_tests.c.o  -o cmTC_bc797 -rdynamic 
make[1]: Leaving directory '/home/adarsh/adarsh/Machine_Learning_in_Action/FaceDetection/dlib-19.6/build/CMakeFiles/CMakeTmp'


    Feature record: C_FEATURE:1c_function_prototypes
    Feature record: C_FEATURE:0c_restrict
    Feature record: C_FEATURE:0c_static_assert
    Feature record: C_FEATURE:0c_variadic_macros
Determining if the CXX compiler works passed with the following output:
Change Dir: /home/adarsh/adarsh/Machine_Learning_in_Action/FaceDetection/dlib-19.6/build/CMakeFiles/CMakeTmp

Run Build Command:"/usr/bin/make" "cmTC_856b5/fast"
/usr/bin/make -f CMakeFiles/cmTC_856b5.dir/build.make CMakeFiles/cmTC_856b5.dir/build
make[1]: Entering directory '/home/adarsh/adarsh/Machine_Learning_in_Action/FaceDetection/dlib-19.6/build/CMakeFiles/CMakeTmp'
Building CXX object CMakeFiles/cmTC_856b5.dir/testCXXCompiler.cxx.o
/usr/bin/c++      -o CMakeFiles/cmTC_856b5.dir/testCXXCompiler.cxx.o -c /home/adarsh/adarsh/Machine_Learning_in_Action/FaceDetection/dlib-19.6/build/CMakeFiles/CMakeTmp/testCXXCompiler.cxx
Linking CXX executable cmTC_856b5
/usr/bin/cmake -E cmake_link_script CMakeFiles/cmTC_856b5.dir/link.txt --verbose=1
/usr/bin/c++        CMakeFiles/cmTC_856b5.dir/testCXXCompiler.cxx.o  -o cmTC_856b5 -rdynamic 
make[1]: Leaving directory '/home/adarsh/adarsh/Machine_Learning_in_Action/FaceDetection/dlib-19.6/build/CMakeFiles/CMakeTmp'


Detecting CXX compiler ABI info compiled with the following output:
Change Dir: /home/adarsh/adarsh/Machine_Learning_in_Action/FaceDetection/dlib-19.6/build/CMakeFiles/CMakeTmp

Run Build Command:"/usr/bin/make" "cmTC_fbde0/fast"
/usr/bin/make -f CMakeFiles/cmTC_fbde0.dir/build.make CMakeFiles/cmTC_fbde0.dir/build
make[1]: Entering directory '/home/adarsh/adarsh/Machine_Learning_in_Action/FaceDetection/dlib-19.6/build/CMakeFiles/CMakeTmp'
Building CXX object CMakeFiles/cmTC_fbde0.dir/CMakeCXXCompilerABI.cpp.o
/usr/bin/c++      -o CMakeFiles/cmTC_fbde0.dir/CMakeCXXCompilerABI.cpp.o -c /usr/share/cmake-3.5/Modules/CMakeCXXCompilerABI.cpp
Linking CXX executable cmTC_fbde0
/usr/bin/cmake -E cmake_link_script CMakeFiles/cmTC_fbde0.dir/link.txt --verbose=1
/usr/bin/c++       -v CMakeFiles/cmTC_fbde0.dir/CMakeCXXCompilerABI.cpp.o  -o cmTC_fbde0 -rdynamic  
Using built-in specs.
COLLECT_GCC=/usr/bin/c++
COLLECT_LTO_WRAPPER=/usr/lib/gcc/x86_64-linux-gnu/5/lto-wrapper
Target: x86_64-linux-gnu
Configured with: ../src/configure -v --with-pkgversion='Ubuntu 5.4.0-6ubuntu1~16.04.9' --with-bugurl=file:///usr/share/doc/gcc-5/README.Bugs --enable-languages=c,ada,c++,java,go,d,fortran,objc,obj-c++ --prefix=/usr --program-suffix=-5 --enable-shared --enable-linker-build-id --libexecdir=/usr/lib --without-included-gettext --enable-threads=posix --libdir=/usr/lib --enable-nls --with-sysroot=/ --enable-clocale=gnu --enable-libstdcxx-debug --enable-libstdcxx-time=yes --with-default-libstdcxx-abi=new --enable-gnu-unique-object --disable-vtable-verify --enable-libmpx --enable-plugin --with-system-zlib --disable-browser-plugin --enable-java-awt=gtk --enable-gtk-cairo --with-java-home=/usr/lib/jvm/java-1.5.0-gcj-5-amd64/jre --enable-java-home --with-jvm-root-dir=/usr/lib/jvm/java-1.5.0-gcj-5-amd64 --with-jvm-jar-dir=/usr/lib/jvm-exports/java-1.5.0-gcj-5-amd64 --with-arch-directory=amd64 --with-ecj-jar=/usr/share/java/eclipse-ecj.jar --enable-objc-gc --enable-multiarch --disable-werror --with-arch-32=i686 --with-abi=m64 --with-multilib-list=m32,m64,mx32 --enable-multilib --with-tune=generic --enable-checking=release --build=x86_64-linux-gnu --host=x86_64-linux-gnu --target=x86_64-linux-gnu
Thread model: posix
gcc version 5.4.0 20160609 (Ubuntu 5.4.0-6ubuntu1~16.04.9) 
COMPILER_PATH=/usr/lib/gcc/x86_64-linux-gnu/5/:/usr/lib/gcc/x86_64-linux-gnu/5/:/usr/lib/gcc/x86_64-linux-gnu/:/usr/lib/gcc/x86_64-linux-gnu/5/:/usr/lib/gcc/x86_64-linux-gnu/
LIBRARY_PATH=/usr/lib/gcc/x86_64-linux-gnu/5/:/usr/lib/gcc/x86_64-linux-gnu/5/../../../x86_64-linux-gnu/:/usr/lib/gcc/x86_64-linux-gnu/5/../../../../lib/:/lib/x86_64-linux-gnu/:/lib/../lib/:/usr/lib/x86_64-linux-gnu/:/usr/lib/../lib/:/usr/lib/gcc/x86_64-linux-gnu/5/../../../:/lib/:/usr/lib/
COLLECT_GCC_OPTIONS='-v' '-o' 'cmTC_fbde0' '-rdynamic' '-shared-libgcc' '-mtune=generic' '-march=x86-64'
 /usr/lib/gcc/x86_64-linux-gnu/5/collect2 -plugin /usr/lib/gcc/x86_64-linux-gnu/5/liblto_plugin.so -plugin-opt=/usr/lib/gcc/x86_64-linux-gnu/5/lto-wrapper -plugin-opt=-fresolution=/tmp/ccu3j1ir.res -plugin-opt=-pass-through=-lgcc_s -plugin-opt=-pass-through=-lgcc -plugin-opt=-pass-through=-lc -plugin-opt=-pass-through=-lgcc_s -plugin-opt=-pass-through=-lgcc --sysroot=/ --build-id --eh-frame-hdr -m elf_x86_64 --hash-style=gnu --as-needed -export-dynamic -dynamic-linker /lib64/ld-linux-x86-64.so.2 -z relro -o cmTC_fbde0 /usr/lib/gcc/x86_64-linux-gnu/5/../../../x86_64-linux-gnu/crt1.o /usr/lib/gcc/x86_64-linux-gnu/5/../../../x86_64-linux-gnu/crti.o /usr/lib/gcc/x86_64-linux-gnu/5/crtbegin.o -L/usr/lib/gcc/x86_64-linux-gnu/5 -L/usr/lib/gcc/x86_64-linux-gnu/5/../../../x86_64-linux-gnu -L/usr/lib/gcc/x86_64-linux-gnu/5/../../../../lib -L/lib/x86_64-linux-gnu -L/lib/../lib -L/usr/lib/x86_64-linux-gnu -L/usr/lib/../lib -L/usr/lib/gcc/x86_64-linux-gnu/5/../../.. CMakeFiles/cmTC_fbde0.dir/CMakeCXXCompilerABI.cpp.o -lstdc++ -lm -lgcc_s -lgcc -lc -lgcc_s -lgcc /usr/lib/gcc/x86_64-linux-gnu/5/crtend.o /usr/lib/gcc/x86_64-linux-gnu/5/../../../x86_64-linux-gnu/crtn.o
make[1]: Leaving directory '/home/adarsh/adarsh/Machine_Learning_in_Action/FaceDetection/dlib-19.6/build/CMakeFiles/CMakeTmp'


Parsed CXX implicit link information from above output:
  link line regex: [^( *|.*[/\])(ld|([^/\]+-)?ld|collect2)[^/\]*( |$)]
  ignore line: [Change Dir: /home/adarsh/adarsh/Machine_Learning_in_Action/FaceDetection/dlib-19.6/build/CMakeFiles/CMakeTmp]
  ignore line: []
  ignore line: [Run Build Command:"/usr/bin/make" "cmTC_fbde0/fast"]
  ignore line: [/usr/bin/make -f CMakeFiles/cmTC_fbde0.dir/build.make CMakeFiles/cmTC_fbde0.dir/build]
  ignore line: [make[1]: Entering directory '/home/adarsh/adarsh/Machine_Learning_in_Action/FaceDetection/dlib-19.6/build/CMakeFiles/CMakeTmp']
  ignore line: [Building CXX object CMakeFiles/cmTC_fbde0.dir/CMakeCXXCompilerABI.cpp.o]
  ignore line: [/usr/bin/c++      -o CMakeFiles/cmTC_fbde0.dir/CMakeCXXCompilerABI.cpp.o -c /usr/share/cmake-3.5/Modules/CMakeCXXCompilerABI.cpp]
  ignore line: [Linking CXX executable cmTC_fbde0]
  ignore line: [/usr/bin/cmake -E cmake_link_script CMakeFiles/cmTC_fbde0.dir/link.txt --verbose=1]
  ignore line: [/usr/bin/c++       -v CMakeFiles/cmTC_fbde0.dir/CMakeCXXCompilerABI.cpp.o  -o cmTC_fbde0 -rdynamic  ]
  ignore line: [Using built-in specs.]
  ignore line: [COLLECT_GCC=/usr/bin/c++]
  ignore line: [COLLECT_LTO_WRAPPER=/usr/lib/gcc/x86_64-linux-gnu/5/lto-wrapper]
  ignore line: [Target: x86_64-linux-gnu]
  ignore line: [Configured with: ../src/configure -v --with-pkgversion='Ubuntu 5.4.0-6ubuntu1~16.04.9' --with-bugurl=file:///usr/share/doc/gcc-5/README.Bugs --enable-languages=c,ada,c++,java,go,d,fortran,objc,obj-c++ --prefix=/usr --program-suffix=-5 --enable-shared --enable-linker-build-id --libexecdir=/usr/lib --without-included-gettext --enable-threads=posix --libdir=/usr/lib --enable-nls --with-sysroot=/ --enable-clocale=gnu --enable-libstdcxx-debug --enable-libstdcxx-time=yes --with-default-libstdcxx-abi=new --enable-gnu-unique-object --disable-vtable-verify --enable-libmpx --enable-plugin --with-system-zlib --disable-browser-plugin --enable-java-awt=gtk --enable-gtk-cairo --with-java-home=/usr/lib/jvm/java-1.5.0-gcj-5-amd64/jre --enable-java-home --with-jvm-root-dir=/usr/lib/jvm/java-1.5.0-gcj-5-amd64 --with-jvm-jar-dir=/usr/lib/jvm-exports/java-1.5.0-gcj-5-amd64 --with-arch-directory=amd64 --with-ecj-jar=/usr/share/java/eclipse-ecj.jar --enable-objc-gc --enable-multiarch --disable-werror --with-arch-32=i686 --with-abi=m64 --with-multilib-list=m32,m64,mx32 --enable-multilib --with-tune=generic --enable-checking=release --build=x86_64-linux-gnu --host=x86_64-linux-gnu --target=x86_64-linux-gnu]
  ignore line: [Thread model: posix]
  ignore line: [gcc version 5.4.0 20160609 (Ubuntu 5.4.0-6ubuntu1~16.04.9) ]
  ignore line: [COMPILER_PATH=/usr/lib/gcc/x86_64-linux-gnu/5/:/usr/lib/gcc/x86_64-linux-gnu/5/:/usr/lib/gcc/x86_64-linux-gnu/:/usr/lib/gcc/x86_64-linux-gnu/5/:/usr/lib/gcc/x86_64-linux-gnu/]
  ignore line: [LIBRARY_PATH=/usr/lib/gcc/x86_64-linux-gnu/5/:/usr/lib/gcc/x86_64-linux-gnu/5/../../../x86_64-linux-gnu/:/usr/lib/gcc/x86_64-linux-gnu/5/../../../../lib/:/lib/x86_64-linux-gnu/:/lib/../lib/:/usr/lib/x86_64-linux-gnu/:/usr/lib/../lib/:/usr/lib/gcc/x86_64-linux-gnu/5/../../../:/lib/:/usr/lib/]
  ignore line: [COLLECT_GCC_OPTIONS='-v' '-o' 'cmTC_fbde0' '-rdynamic' '-shared-libgcc' '-mtune=generic' '-march=x86-64']
  link line: [ /usr/lib/gcc/x86_64-linux-gnu/5/collect2 -plugin /usr/lib/gcc/x86_64-linux-gnu/5/liblto_plugin.so -plugin-opt=/usr/lib/gcc/x86_64-linux-gnu/5/lto-wrapper -plugin-opt=-fresolution=/tmp/ccu3j1ir.res -plugin-opt=-pass-through=-lgcc_s -plugin-opt=-pass-through=-lgcc -plugin-opt=-pass-through=-lc -plugin-opt=-pass-through=-lgcc_s -plugin-opt=-pass-through=-lgcc --sysroot=/ --build-id --eh-frame-hdr -m elf_x86_64 --hash-style=gnu --as-needed -export-dynamic -dynamic-linker /lib64/ld-linux-x86-64.so.2 -z relro -o cmTC_fbde0 /usr/lib/gcc/x86_64-linux-gnu/5/../../../x86_64-linux-gnu/crt1.o /usr/lib/gcc/x86_64-linux-gnu/5/../../../x86_64-linux-gnu/crti.o /usr/lib/gcc/x86_64-linux-gnu/5/crtbegin.o -L/usr/lib/gcc/x86_64-linux-gnu/5 -L/usr/lib/gcc/x86_64-linux-gnu/5/../../../x86_64-linux-gnu -L/usr/lib/gcc/x86_64-linux-gnu/5/../../../../lib -L/lib/x86_64-linux-gnu -L/lib/../lib -L/usr/lib/x86_64-linux-gnu -L/usr/lib/../lib -L/usr/lib/gcc/x86_64-linux-gnu/5/../../.. CMakeFiles/cmTC_fbde0.dir/CMakeCXXCompilerABI.cpp.o -lstdc++ -lm -lgcc_s -lgcc -lc -lgcc_s -lgcc /usr/lib/gcc/x86_64-linux-gnu/5/crtend.o /usr/lib/gcc/x86_64-linux-gnu/5/../../../x86_64-linux-gnu/crtn.o]
    arg [/usr/lib/gcc/x86_64-linux-gnu/5/collect2] ==> ignore
    arg [-plugin] ==> ignore
    arg [/usr/lib/gcc/x86_64-linux-gnu/5/liblto_plugin.so] ==> ignore
    arg [-plugin-opt=/usr/lib/gcc/x86_64-linux-gnu/5/lto-wrapper] ==> ignore
    arg [-plugin-opt=-fresolution=/tmp/ccu3j1ir.res] ==> ignore
    arg [-plugin-opt=-pass-through=-lgcc_s] ==> ignore
    arg [-plugin-opt=-pass-through=-lgcc] ==> ignore
    arg [-plugin-opt=-pass-through=-lc] ==> ignore
    arg [-plugin-opt=-pass-through=-lgcc_s] ==> ignore
    arg [-plugin-opt=-pass-through=-lgcc] ==> ignore
    arg [--sysroot=/] ==> ignore
    arg [--build-id] ==> ignore
    arg [--eh-frame-hdr] ==> ignore
    arg [-m] ==> ignore
    arg [elf_x86_64] ==> ignore
    arg [--hash-style=gnu] ==> ignore
    arg [--as-needed] ==> ignore
    arg [-export-dynamic] ==> ignore
    arg [-dynamic-linker] ==> ignore
    arg [/lib64/ld-linux-x86-64.so.2] ==> ignore
    arg [-zrelro] ==> ignore
    arg [-o] ==> ignore
    arg [cmTC_fbde0] ==> ignore
    arg [/usr/lib/gcc/x86_64-linux-gnu/5/../../../x86_64-linux-gnu/crt1.o] ==> ignore
    arg [/usr/lib/gcc/x86_64-linux-gnu/5/../../../x86_64-linux-gnu/crti.o] ==> ignore
    arg [/usr/lib/gcc/x86_64-linux-gnu/5/crtbegin.o] ==> ignore
    arg [-L/usr/lib/gcc/x86_64-linux-gnu/5] ==> dir [/usr/lib/gcc/x86_64-linux-gnu/5]
    arg [-L/usr/lib/gcc/x86_64-linux-gnu/5/../../../x86_64-linux-gnu] ==> dir [/usr/lib/gcc/x86_64-linux-gnu/5/../../../x86_64-linux-gnu]
    arg [-L/usr/lib/gcc/x86_64-linux-gnu/5/../../../../lib] ==> dir [/usr/lib/gcc/x86_64-linux-gnu/5/../../../../lib]
    arg [-L/lib/x86_64-linux-gnu] ==> dir [/lib/x86_64-linux-gnu]
    arg [-L/lib/../lib] ==> dir [/lib/../lib]
    arg [-L/usr/lib/x86_64-linux-gnu] ==> dir [/usr/lib/x86_64-linux-gnu]
    arg [-L/usr/lib/../lib] ==> dir [/usr/lib/../lib]
    arg [-L/usr/lib/gcc/x86_64-linux-gnu/5/../../..] ==> dir [/usr/lib/gcc/x86_64-linux-gnu/5/../../..]
    arg [CMakeFiles/cmTC_fbde0.dir/CMakeCXXCompilerABI.cpp.o] ==> ignore
    arg [-lstdc++] ==> lib [stdc++]
    arg [-lm] ==> lib [m]
    arg [-lgcc_s] ==> lib [gcc_s]
    arg [-lgcc] ==> lib [gcc]
    arg [-lc] ==> lib [c]
    arg [-lgcc_s] ==> lib [gcc_s]
    arg [-lgcc] ==> lib [gcc]
    arg [/usr/lib/gcc/x86_64-linux-gnu/5/crtend.o] ==> ignore
    arg [/usr/lib/gcc/x86_64-linux-gnu/5/../../../x86_64-linux-gnu/crtn.o] ==> ignore
  remove lib [gcc_s]
  remove lib [gcc]
  remove lib [gcc_s]
  remove lib [gcc]
  collapse library dir [/usr/lib/gcc/x86_64-linux-gnu/5] ==> [/usr/lib/gcc/x86_64-linux-gnu/5]
  collapse library dir [/usr/lib/gcc/x86_64-linux-gnu/5/../../../x86_64-linux-gnu] ==> [/usr/lib/x86_64-linux-gnu]
  collapse library dir [/usr/lib/gcc/x86_64-linux-gnu/5/../../../../lib] ==> [/usr/lib]
  collapse library dir [/lib/x86_64-linux-gnu] ==> [/lib/x86_64-linux-gnu]
  collapse library dir [/lib/../lib] ==> [/lib]
  collapse library dir [/usr/lib/x86_64-linux-gnu] ==> [/usr/lib/x86_64-linux-gnu]
  collapse library dir [/usr/lib/../lib] ==> [/usr/lib]
  collapse library dir [/usr/lib/gcc/x86_64-linux-gnu/5/../../..] ==> [/usr/lib]
  implicit libs: [stdc++;m;c]
  implicit dirs: [/usr/lib/gcc/x86_64-linux-gnu/5;/usr/lib/x86_64-linux-gnu;/usr/lib;/lib/x86_64-linux-gnu;/lib]
  implicit fwks: []




Detecting CXX [-std=c++14] compiler features compiled with the following output:
Change Dir: /home/adarsh/adarsh/Machine_Learning_in_Action/FaceDetection/dlib-19.6/build/CMakeFiles/CMakeTmp

Run Build Command:"/usr/bin/make" "cmTC_00b14/fast"
/usr/bin/make -f CMakeFiles/cmTC_00b14.dir/build.make CMakeFiles/cmTC_00b14.dir/build
make[1]: Entering directory '/home/adarsh/adarsh/Machine_Learning_in_Action/FaceDetection/dlib-19.6/build/CMakeFiles/CMakeTmp'
Building CXX object CMakeFiles/cmTC_00b14.dir/feature_tests.cxx.o
/usr/bin/c++     -std=c++14 -o CMakeFiles/cmTC_00b14.dir/feature_tests.cxx.o -c /home/adarsh/adarsh/Machine_Learning_in_Action/FaceDetection/dlib-19.6/build/CMakeFiles/feature_tests.cxx
Linking CXX executable cmTC_00b14
/usr/bin/cmake -E cmake_link_script CMakeFiles/cmTC_00b14.dir/link.txt --verbose=1
/usr/bin/c++        CMakeFiles/cmTC_00b14.dir/feature_tests.cxx.o  -o cmTC_00b14 -rdynamic 
make[1]: Leaving directory '/home/adarsh/adarsh/Machine_Learning_in_Action/FaceDetection/dlib-19.6/build/CMakeFiles/CMakeTmp'


    Feature record: CXX_FEATURE:1cxx_aggregate_default_initializers
    Feature record: CXX_FEATURE:1cxx_alias_templates
    Feature record: CXX_FEATURE:1cxx_alignas
    Feature record: CXX_FEATURE:1cxx_alignof
    Feature record: CXX_FEATURE:1cxx_attributes
    Feature record: CXX_FEATURE:1cxx_attribute_deprecated
    Feature record: CXX_FEATURE:1cxx_auto_type
    Feature record: CXX_FEATURE:1cxx_binary_literals
    Feature record: CXX_FEATURE:1cxx_constexpr
    Feature record: CXX_FEATURE:1cxx_contextual_conversions
    Feature record: CXX_FEATURE:1cxx_decltype
    Feature record: CXX_FEATURE:1cxx_decltype_auto
    Feature record: CXX_FEATURE:1cxx_decltype_incomplete_return_types
    Feature record: CXX_FEATURE:1cxx_default_function_template_args
    Feature record: CXX_FEATURE:1cxx_defaulted_functions
    Feature record: CXX_FEATURE:1cxx_defaulted_move_initializers
    Feature record: CXX_FEATURE:1cxx_delegating_constructors
    Feature record: CXX_FEATURE:1cxx_deleted_functions
    Feature record: CXX_FEATURE:1cxx_digit_separators
    Feature record: CXX_FEATURE:1cxx_enum_forward_declarations
    Feature record: CXX_FEATURE:1cxx_explicit_conversions
    Feature record: CXX_FEATURE:1cxx_extended_friend_declarations
    Feature record: CXX_FEATURE:1cxx_extern_templates
    Feature record: CXX_FEATURE:1cxx_final
    Feature record: CXX_FEATURE:1cxx_func_identifier
    Feature record: CXX_FEATURE:1cxx_generalized_initializers
    Feature record: CXX_FEATURE:1cxx_generic_lambdas
    Feature record: CXX_FEATURE:1cxx_inheriting_constructors
    Feature record: CXX_FEATURE:1cxx_inline_namespaces
    Feature record: CXX_FEATURE:1cxx_lambdas
    Feature record: CXX_FEATURE:1cxx_lambda_init_captures
    Feature record: CXX_FEATURE:1cxx_local_type_template_args
    Feature record: CXX_FEATURE:1cxx_long_long_type
    Feature record: CXX_FEATURE:1cxx_noexcept
    Feature record: CXX_FEATURE:1cxx_nonstatic_member_init
    Feature record: CXX_FEATURE:1cxx_nullptr
    Feature record: CXX_FEATURE:1cxx_override
    Feature record: CXX_FEATURE:1cxx_range_for
    Feature record: CXX_FEATURE:1cxx_raw_string_literals
    Feature record: CXX_FEATURE:1cxx_reference_qualified_functions
    Feature record: CXX_FEATURE:1cxx_relaxed_constexpr
    Feature record: CXX_FEATURE:1cxx_return_type_deduction
    Feature record: CXX_FEATURE:1cxx_right_angle_brackets
    Feature record: CXX_FEATURE:1cxx_rvalue_references
    Feature record: CXX_FEATURE:1cxx_sizeof_member
    Feature record: CXX_FEATURE:1cxx_static_assert
    Feature record: CXX_FEATURE:1cxx_strong_enums
    Feature record: CXX_FEATURE:1cxx_template_template_parameters
    Feature record: CXX_FEATURE:1cxx_thread_local
    Feature record: CXX_FEATURE:1cxx_trailing_return_types
    Feature record: CXX_FEATURE:1cxx_unicode_literals
    Feature record: CXX_FEATURE:1cxx_uniform_initialization
    Feature record: CXX_FEATURE:1cxx_unrestricted_unions
    Feature record: CXX_FEATURE:1cxx_user_literals
    Feature record: CXX_FEATURE:1cxx_variable_templates
    Feature record: CXX_FEATURE:1cxx_variadic_macros
    Feature record: CXX_FEATURE:1cxx_variadic_templates


Detecting CXX [-std=c++11] compiler features compiled with the following output:
Change Dir: /home/adarsh/adarsh/Machine_Learning_in_Action/FaceDetection/dlib-19.6/build/CMakeFiles/CMakeTmp

Run Build Command:"/usr/bin/make" "cmTC_e51e3/fast"
/usr/bin/make -f CMakeFiles/cmTC_e51e3.dir/build.make CMakeFiles/cmTC_e51e3.dir/build
make[1]: Entering directory '/home/adarsh/adarsh/Machine_Learning_in_Action/FaceDetection/dlib-19.6/build/CMakeFiles/CMakeTmp'
Building CXX object CMakeFiles/cmTC_e51e3.dir/feature_tests.cxx.o
/usr/bin/c++     -std=c++11 -o CMakeFiles/cmTC_e51e3.dir/feature_tests.cxx.o -c /home/adarsh/adarsh/Machine_Learning_in_Action/FaceDetection/dlib-19.6/build/CMakeFiles/feature_tests.cxx
Linking CXX executable cmTC_e51e3
/usr/bin/cmake -E cmake_link_script CMakeFiles/cmTC_e51e3.dir/link.txt --verbose=1
/usr/bin/c++        CMakeFiles/cmTC_e51e3.dir/feature_tests.cxx.o  -o cmTC_e51e3 -rdynamic 
make[1]: Leaving directory '/home/adarsh/adarsh/Machine_Learning_in_Action/FaceDetection/dlib-19.6/build/CMakeFiles/CMakeTmp'


    Feature record: CXX_FEATURE:0cxx_aggregate_default_initializers
    Feature record: CXX_FEATURE:1cxx_alias_templates
    Feature record: CXX_FEATURE:1cxx_alignas
    Feature record: CXX_FEATURE:1cxx_alignof
    Feature record: CXX_FEATURE:1cxx_attributes
    Feature record: CXX_FEATURE:0cxx_attribute_deprecated
    Feature record: CXX_FEATURE:1cxx_auto_type
    Feature record: CXX_FEATURE:0cxx_binary_literals
    Feature record: CXX_FEATURE:1cxx_constexpr
    Feature record: CXX_FEATURE:0cxx_contextual_conversions
    Feature record: CXX_FEATURE:1cxx_decltype
    Feature record: CXX_FEATURE:0cxx_decltype_auto
    Feature record: CXX_FEATURE:1cxx_decltype_incomplete_return_types
    Feature record: CXX_FEATURE:1cxx_default_function_template_args
    Feature record: CXX_FEATURE:1cxx_defaulted_functions
    Feature record: CXX_FEATURE:1cxx_defaulted_move_initializers
    Feature record: CXX_FEATURE:1cxx_delegating_constructors
    Feature record: CXX_FEATURE:1cxx_deleted_functions
    Feature record: CXX_FEATURE:0cxx_digit_separators
    Feature record: CXX_FEATURE:1cxx_enum_forward_declarations
    Feature record: CXX_FEATURE:1cxx_explicit_conversions
    Feature record: CXX_FEATURE:1cxx_extended_friend_declarations
    Feature record: CXX_FEATURE:1cxx_extern_templates
    Feature record: CXX_FEATURE:1cxx_final
    Feature record: CXX_FEATURE:1cxx_func_identifier
    Feature record: CXX_FEATURE:1cxx_generalized_initializers
    Feature record: CXX_FEATURE:0cxx_generic_lambdas
    Feature record: CXX_FEATURE:1cxx_inheriting_constructors
    Feature record: CXX_FEATURE:1cxx_inline_namespaces
    Feature record: CXX_FEATURE:1cxx_lambdas
    Feature record: CXX_FEATURE:0cxx_lambda_init_captures
    Feature record: CXX_FEATURE:1cxx_local_type_template_args
    Feature record: CXX_FEATURE:1cxx_long_long_type
    Feature record: CXX_FEATURE:1cxx_noexcept
    Feature record: CXX_FEATURE:1cxx_nonstatic_member_init
    Feature record: CXX_FEATURE:1cxx_nullptr
    Feature record: CXX_FEATURE:1cxx_override
    Feature record: CXX_FEATURE:1cxx_range_for
    Feature record: CXX_FEATURE:1cxx_raw_string_literals
    Feature record: CXX_FEATURE:1cxx_reference_qualified_functions
    Feature record: CXX_FEATURE:0cxx_relaxed_constexpr
    Feature record: CXX_FEATURE:0cxx_return_type_deduction
    Feature record: CXX_FEATURE:1cxx_right_angle_brackets
    Feature record: CXX_FEATURE:1cxx_rvalue_references
    Feature record: CXX_FEATURE:1cxx_sizeof_member
    Feature record: CXX_FEATURE:1cxx_static_assert
    Feature record: CXX_FEATURE:1cxx_strong_enums
    Feature record: CXX_FEATURE:1cxx_template_template_parameters
    Feature record: CXX_FEATURE:1cxx_thread_local
    Feature record: CXX_FEATURE:1cxx_trailing_return_types
    Feature record: CXX_FEATURE:1cxx_unicode_literals
    Feature record: CXX_FEATURE:1cxx_uniform_initialization
    Feature record: CXX_FEATURE:1cxx_unrestricted_unions
    Feature record: CXX_FEATURE:1cxx_user_literals
    Feature record: CXX_FEATURE:0cxx_variable_templates
    Feature record: CXX_FEATURE:1cxx_variadic_macros
    Feature record: CXX_FEATURE:1cxx_variadic_templates


Detecting CXX [-std=c++98] compiler features compiled with the following output:
Change Dir: /home/adarsh/adarsh/Machine_Learning_in_Action/FaceDetection/dlib-19.6/build/CMakeFiles/CMakeTmp

Run Build Command:"/usr/bin/make" "cmTC_5de71/fast"
/usr/bin/make -f CMakeFiles/cmTC_5de71.dir/build.make CMakeFiles/cmTC_5de71.dir/build
make[1]: Entering directory '/home/adarsh/adarsh/Machine_Learning_in_Action/FaceDetection/dlib-19.6/build/CMakeFiles/CMakeTmp'
Building CXX object CMakeFiles/cmTC_5de71.dir/feature_tests.cxx.o
/usr/bin/c++     -std=c++98 -o CMakeFiles/cmTC_5de71.dir/feature_tests.cxx.o -c /home/adarsh/adarsh/Machine_Learning_in_Action/FaceDetection/dlib-19.6/build/CMakeFiles/feature_tests.cxx
Linking CXX executable cmTC_5de71
/usr/bin/cmake -E cmake_link_script CMakeFiles/cmTC_5de71.dir/link.txt --verbose=1
/usr/bin/c++        CMakeFiles/cmTC_5de71.dir/feature_tests.cxx.o  -o cmTC_5de71 -rdynamic 
make[1]: Leaving directory '/home/adarsh/adarsh/Machine_Learning_in_Action/FaceDetection/dlib-19.6/build/CMakeFiles/CMakeTmp'


    Feature record: CXX_FEATURE:0cxx_aggregate_default_initializers
    Feature record: CXX_FEATURE:0cxx_alias_templates
    Feature record: CXX_FEATURE:0cxx_alignas
    Feature record: CXX_FEATURE:0cxx_alignof
    Feature record: CXX_FEATURE:0cxx_attributes
    Feature record: CXX_FEATURE:0cxx_attribute_deprecated
    Feature record: CXX_FEATURE:0cxx_auto_type
    Feature record: CXX_FEATURE:0cxx_binary_literals
    Feature record: CXX_FEATURE:0cxx_constexpr
    Feature record: CXX_FEATURE:0cxx_contextual_conversions
    Feature record: CXX_FEATURE:0cxx_decltype
    Feature record: CXX_FEATURE:0cxx_decltype_auto
    Feature record: CXX_FEATURE:0cxx_decltype_incomplete_return_types
    Feature record: CXX_FEATURE:0cxx_default_function_template_args
    Feature record: CXX_FEATURE:0cxx_defaulted_functions
    Feature record: CXX_FEATURE:0cxx_defaulted_move_initializers
    Feature record: CXX_FEATURE:0cxx_delegating_constructors
    Feature record: CXX_FEATURE:0cxx_deleted_functions
    Feature record: CXX_FEATURE:0cxx_digit_separators
    Feature record: CXX_FEATURE:0cxx_enum_forward_declarations
    Feature record: CXX_FEATURE:0cxx_explicit_conversions
    Feature record: CXX_FEATURE:0cxx_extended_friend_declarations
    Feature record: CXX_FEATURE:0cxx_extern_templates
    Feature record: CXX_FEATURE:0cxx_final
    Feature record: CXX_FEATURE:0cxx_func_identifier
    Feature record: CXX_FEATURE:0cxx_generalized_initializers
    Feature record: CXX_FEATURE:0cxx_generic_lambdas
    Feature record: CXX_FEATURE:0cxx_inheriting_constructors
    Feature record: CXX_FEATURE:0cxx_inline_namespaces
    Feature record: CXX_FEATURE:0cxx_lambdas
    Feature record: CXX_FEATURE:0cxx_lambda_init_captures
    Feature record: CXX_FEATURE:0cxx_local_type_template_args
    Feature record: CXX_FEATURE:0cxx_long_long_type
    Feature record: CXX_FEATURE:0cxx_noexcept
    Feature record: CXX_FEATURE:0cxx_nonstatic_member_init
    Feature record: CXX_FEATURE:0cxx_nullptr
    Feature record: CXX_FEATURE:0cxx_override
    Feature record: CXX_FEATURE:0cxx_range_for
    Feature record: CXX_FEATURE:0cxx_raw_string_literals
    Feature record: CXX_FEATURE:0cxx_reference_qualified_functions
    Feature record: CXX_FEATURE:0cxx_relaxed_constexpr
    Feature record: CXX_FEATURE:0cxx_return_type_deduction
    Feature record: CXX_FEATURE:0cxx_right_angle_brackets
    Feature record: CXX_FEATURE:0cxx_rvalue_references
    Feature record: CXX_FEATURE:0cxx_sizeof_member
    Feature record: CXX_FEATURE:0cxx_static_assert
    Feature record: CXX_FEATURE:0cxx_strong_enums
    Feature record: CXX_FEATURE:1cxx_template_template_parameters
    Feature record: CXX_FEATURE:0cxx_thread_local
    Feature record: CXX_FEATURE:0cxx_trailing_return_types
    Feature record: CXX_FEATURE:0cxx_unicode_literals
    Feature record: CXX_FEATURE:0cxx_uniform_initialization
    Feature record: CXX_FEATURE:0cxx_unrestricted_unions
    Feature record: CXX_FEATURE:0cxx_user_literals
    Feature record: CXX_FEATURE:0cxx_variable_templates
    Feature record: CXX_FEATURE:0cxx_variadic_macros
    Feature record: CXX_FEATURE:0cxx_variadic_templates
Determining if the include file pthread.h exists passed with the following output:
Change Dir: /home/adarsh/adarsh/Machine_Learning_in_Action/FaceDetection/dlib-19.6/build/CMakeFiles/CMakeTmp

Run Build Command:"/usr/bin/make" "cmTC_4a3f2/fast"
/usr/bin/make -f CMakeFiles/cmTC_4a3f2.dir/build.make CMakeFiles/cmTC_4a3f2.dir/build
make[1]: Entering directory '/home/adarsh/adarsh/Machine_Learning_in_Action/FaceDetection/dlib-19.6/build/CMakeFiles/CMakeTmp'
Building C object CMakeFiles/cmTC_4a3f2.dir/CheckIncludeFile.c.o
/usr/bin/cc     -o CMakeFiles/cmTC_4a3f2.dir/CheckIncludeFile.c.o   -c /home/adarsh/adarsh/Machine_Learning_in_Action/FaceDetection/dlib-19.6/build/CMakeFiles/CMakeTmp/CheckIncludeFile.c
Linking C executable cmTC_4a3f2
/usr/bin/cmake -E cmake_link_script CMakeFiles/cmTC_4a3f2.dir/link.txt --verbose=1
/usr/bin/cc       CMakeFiles/cmTC_4a3f2.dir/CheckIncludeFile.c.o  -o cmTC_4a3f2 -rdynamic 
make[1]: Leaving directory '/home/adarsh/adarsh/Machine_Learning_in_Action/FaceDetection/dlib-19.6/build/CMakeFiles/CMakeTmp'


Determining if the function pthread_create exists in the pthread passed with the following output:
Change Dir: /home/adarsh/adarsh/Machine_Learning_in_Action/FaceDetection/dlib-19.6/build/CMakeFiles/CMakeTmp

Run Build Command:"/usr/bin/make" "cmTC_bd106/fast"
/usr/bin/make -f CMakeFiles/cmTC_bd106.dir/build.make CMakeFiles/cmTC_bd106.dir/build
make[1]: Entering directory '/home/adarsh/adarsh/Machine_Learning_in_Action/FaceDetection/dlib-19.6/build/CMakeFiles/CMakeTmp'
Building C object CMakeFiles/cmTC_bd106.dir/CheckFunctionExists.c.o
/usr/bin/cc    -DCHECK_FUNCTION_EXISTS=pthread_create   -o CMakeFiles/cmTC_bd106.dir/CheckFunctionExists.c.o   -c /usr/share/cmake-3.5/Modules/CheckFunctionExists.c
Linking C executable cmTC_bd106
/usr/bin/cmake -E cmake_link_script CMakeFiles/cmTC_bd106.dir/link.txt --verbose=1
/usr/bin/cc   -DCHECK_FUNCTION_EXISTS=pthread_create    CMakeFiles/cmTC_bd106.dir/CheckFunctionExists.c.o  -o cmTC_bd106 -rdynamic -lpthread 
make[1]: Leaving directory '/home/adarsh/adarsh/Machine_Learning_in_Action/FaceDetection/dlib-19.6/build/CMakeFiles/CMakeTmp'


Determining if the function XOpenDisplay exists in the /usr/lib/x86_64-linux-gnu/libX11.so;/usr/lib/x86_64-linux-gnu/libXext.so passed with the following output:
Change Dir: /home/adarsh/adarsh/Machine_Learning_in_Action/FaceDetection/dlib-19.6/build/CMakeFiles/CMakeTmp

Run Build Command:"/usr/bin/make" "cmTC_ac40c/fast"
/usr/bin/make -f CMakeFiles/cmTC_ac40c.dir/build.make CMakeFiles/cmTC_ac40c.dir/build
make[1]: Entering directory '/home/adarsh/adarsh/Machine_Learning_in_Action/FaceDetection/dlib-19.6/build/CMakeFiles/CMakeTmp'
Building C object CMakeFiles/cmTC_ac40c.dir/CheckFunctionExists.c.o
/usr/bin/cc    -DCHECK_FUNCTION_EXISTS=XOpenDisplay   -o CMakeFiles/cmTC_ac40c.dir/CheckFunctionExists.c.o   -c /usr/share/cmake-3.5/Modules/CheckFunctionExists.c
Linking C executable cmTC_ac40c
/usr/bin/cmake -E cmake_link_script CMakeFiles/cmTC_ac40c.dir/link.txt --verbose=1
/usr/bin/cc   -DCHECK_FUNCTION_EXISTS=XOpenDisplay    CMakeFiles/cmTC_ac40c.dir/CheckFunctionExists.c.o  -o cmTC_ac40c -rdynamic /usr/lib/x86_64-linux-gnu/libX11.so /usr/lib/x86_64-linux-gnu/libXext.so 
make[1]: Leaving directory '/home/adarsh/adarsh/Machine_Learning_in_Action/FaceDetection/dlib-19.6/build/CMakeFiles/CMakeTmp'


Determining if the function gethostbyname exists passed with the following output:
Change Dir: /home/adarsh/adarsh/Machine_Learning_in_Action/FaceDetection/dlib-19.6/build/CMakeFiles/CMakeTmp

Run Build Command:"/usr/bin/make" "cmTC_db4f3/fast"
/usr/bin/make -f CMakeFiles/cmTC_db4f3.dir/build.make CMakeFiles/cmTC_db4f3.dir/build
make[1]: Entering directory '/home/adarsh/adarsh/Machine_Learning_in_Action/FaceDetection/dlib-19.6/build/CMakeFiles/CMakeTmp'
Building C object CMakeFiles/cmTC_db4f3.dir/CheckFunctionExists.c.o
/usr/bin/cc    -DCHECK_FUNCTION_EXISTS=gethostbyname   -o CMakeFiles/cmTC_db4f3.dir/CheckFunctionExists.c.o   -c /usr/share/cmake-3.5/Modules/CheckFunctionExists.c
Linking C executable cmTC_db4f3
/usr/bin/cmake -E cmake_link_script CMakeFiles/cmTC_db4f3.dir/link.txt --verbose=1
/usr/bin/cc   -DCHECK_FUNCTION_EXISTS=gethostbyname    CMakeFiles/cmTC_db4f3.dir/CheckFunctionExists.c.o  -o cmTC_db4f3 -rdynamic 
make[1]: Leaving directory '/home/adarsh/adarsh/Machine_Learning_in_Action/FaceDetection/dlib-19.6/build/CMakeFiles/CMakeTmp'


Determining if the function connect exists passed with the following output:
Change Dir: /home/adarsh/adarsh/Machine_Learning_in_Action/FaceDetection/dlib-19.6/build/CMakeFiles/CMakeTmp

Run Build Command:"/usr/bin/make" "cmTC_a5607/fast"
/usr/bin/make -f CMakeFiles/cmTC_a5607.dir/build.make CMakeFiles/cmTC_a5607.dir/build
make[1]: Entering directory '/home/adarsh/adarsh/Machine_Learning_in_Action/FaceDetection/dlib-19.6/build/CMakeFiles/CMakeTmp'
Building C object CMakeFiles/cmTC_a5607.dir/CheckFunctionExists.c.o
/usr/bin/cc    -DCHECK_FUNCTION_EXISTS=connect   -o CMakeFiles/cmTC_a5607.dir/CheckFunctionExists.c.o   -c /usr/share/cmake-3.5/Modules/CheckFunctionExists.c
Linking C executable cmTC_a5607
/usr/bin/cmake -E cmake_link_script CMakeFiles/cmTC_a5607.dir/link.txt --verbose=1
/usr/bin/cc   -DCHECK_FUNCTION_EXISTS=connect    CMakeFiles/cmTC_a5607.dir/CheckFunctionExists.c.o  -o cmTC_a5607 -rdynamic 
make[1]: Leaving directory '/home/adarsh/adarsh/Machine_Learning_in_Action/FaceDetection/dlib-19.6/build/CMakeFiles/CMakeTmp'


Determining if the function remove exists passed with the following output:
Change Dir: /home/adarsh/adarsh/Machine_Learning_in_Action/FaceDetection/dlib-19.6/build/CMakeFiles/CMakeTmp

Run Build Command:"/usr/bin/make" "cmTC_75835/fast"
/usr/bin/make -f CMakeFiles/cmTC_75835.dir/build.make CMakeFiles/cmTC_75835.dir/build
make[1]: Entering directory '/home/adarsh/adarsh/Machine_Learning_in_Action/FaceDetection/dlib-19.6/build/CMakeFiles/CMakeTmp'
Building C object CMakeFiles/cmTC_75835.dir/CheckFunctionExists.c.o
/usr/bin/cc    -DCHECK_FUNCTION_EXISTS=remove   -o CMakeFiles/cmTC_75835.dir/CheckFunctionExists.c.o   -c /usr/share/cmake-3.5/Modules/CheckFunctionExists.c
Linking C executable cmTC_75835
/usr/bin/cmake -E cmake_link_script CMakeFiles/cmTC_75835.dir/link.txt --verbose=1
/usr/bin/cc   -DCHECK_FUNCTION_EXISTS=remove    CMakeFiles/cmTC_75835.dir/CheckFunctionExists.c.o  -o cmTC_75835 -rdynamic 
make[1]: Leaving directory '/home/adarsh/adarsh/Machine_Learning_in_Action/FaceDetection/dlib-19.6/build/CMakeFiles/CMakeTmp'


Determining if the function shmat exists passed with the following output:
Change Dir: /home/adarsh/adarsh/Machine_Learning_in_Action/FaceDetection/dlib-19.6/build/CMakeFiles/CMakeTmp

Run Build Command:"/usr/bin/make" "cmTC_ca885/fast"
/usr/bin/make -f CMakeFiles/cmTC_ca885.dir/build.make CMakeFiles/cmTC_ca885.dir/build
make[1]: Entering directory '/home/adarsh/adarsh/Machine_Learning_in_Action/FaceDetection/dlib-19.6/build/CMakeFiles/CMakeTmp'
Building C object CMakeFiles/cmTC_ca885.dir/CheckFunctionExists.c.o
/usr/bin/cc    -DCHECK_FUNCTION_EXISTS=shmat   -o CMakeFiles/cmTC_ca885.dir/CheckFunctionExists.c.o   -c /usr/share/cmake-3.5/Modules/CheckFunctionExists.c
Linking C executable cmTC_ca885
/usr/bin/cmake -E cmake_link_script CMakeFiles/cmTC_ca885.dir/link.txt --verbose=1
/usr/bin/cc   -DCHECK_FUNCTION_EXISTS=shmat    CMakeFiles/cmTC_ca885.dir/CheckFunctionExists.c.o  -o cmTC_ca885 -rdynamic 
make[1]: Leaving directory '/home/adarsh/adarsh/Machine_Learning_in_Action/FaceDetection/dlib-19.6/build/CMakeFiles/CMakeTmp'


Determining if the function IceConnectionNumber exists in the ICE passed with the following output:
Change Dir: /home/adarsh/adarsh/Machine_Learning_in_Action/FaceDetection/dlib-19.6/build/CMakeFiles/CMakeTmp

Run Build Command:"/usr/bin/make" "cmTC_4dae7/fast"
/usr/bin/make -f CMakeFiles/cmTC_4dae7.dir/build.make CMakeFiles/cmTC_4dae7.dir/build
make[1]: Entering directory '/home/adarsh/adarsh/Machine_Learning_in_Action/FaceDetection/dlib-19.6/build/CMakeFiles/CMakeTmp'
Building C object CMakeFiles/cmTC_4dae7.dir/CheckFunctionExists.c.o
/usr/bin/cc    -DCHECK_FUNCTION_EXISTS=IceConnectionNumber   -o CMakeFiles/cmTC_4dae7.dir/CheckFunctionExists.c.o   -c /usr/share/cmake-3.5/Modules/CheckFunctionExists.c
Linking C executable cmTC_4dae7
/usr/bin/cmake -E cmake_link_script CMakeFiles/cmTC_4dae7.dir/link.txt --verbose=1
/usr/bin/cc   -DCHECK_FUNCTION_EXISTS=IceConnectionNumber    CMakeFiles/cmTC_4dae7.dir/CheckFunctionExists.c.o  -o cmTC_4dae7 -rdynamic -lICE 
make[1]: Leaving directory '/home/adarsh/adarsh/Machine_Learning_in_Action/FaceDetection/dlib-19.6/build/CMakeFiles/CMakeTmp'


Determining if the function png_create_read_struct exists passed with the following output:
Change Dir: /home/adarsh/adarsh/Machine_Learning_in_Action/FaceDetection/dlib-19.6/build/CMakeFiles/CMakeTmp

Run Build Command:"/usr/bin/make" "cmTC_d57f6/fast"
/usr/bin/make -f CMakeFiles/cmTC_d57f6.dir/build.make CMakeFiles/cmTC_d57f6.dir/build
make[1]: Entering directory '/home/adarsh/adarsh/Machine_Learning_in_Action/FaceDetection/dlib-19.6/build/CMakeFiles/CMakeTmp'
Building C object CMakeFiles/cmTC_d57f6.dir/CheckFunctionExists.c.o
/usr/bin/cc    -DCHECK_FUNCTION_EXISTS=png_create_read_struct   -o CMakeFiles/cmTC_d57f6.dir/CheckFunctionExists.c.o   -c /usr/share/cmake-3.5/Modules/CheckFunctionExists.c
Linking C executable cmTC_d57f6
/usr/bin/cmake -E cmake_link_script CMakeFiles/cmTC_d57f6.dir/link.txt --verbose=1
/usr/bin/cc   -DCHECK_FUNCTION_EXISTS=png_create_read_struct    CMakeFiles/cmTC_d57f6.dir/CheckFunctionExists.c.o  -o cmTC_d57f6 -rdynamic /usr/lib/x86_64-linux-gnu/libpng.so /usr/lib/x86_64-linux-gnu/libz.so 
make[1]: Leaving directory '/home/adarsh/adarsh/Machine_Learning_in_Action/FaceDetection/dlib-19.6/build/CMakeFiles/CMakeTmp'


Determining if the include file sys/types.h exists passed with the following output:
Change Dir: /home/adarsh/adarsh/Machine_Learning_in_Action/FaceDetection/dlib-19.6/build/CMakeFiles/CMakeTmp

Run Build Command:"/usr/bin/make" "cmTC_aa703/fast"
/usr/bin/make -f CMakeFiles/cmTC_aa703.dir/build.make CMakeFiles/cmTC_aa703.dir/build
make[1]: Entering directory '/home/adarsh/adarsh/Machine_Learning_in_Action/FaceDetection/dlib-19.6/build/CMakeFiles/CMakeTmp'
Building C object CMakeFiles/cmTC_aa703.dir/CheckIncludeFile.c.o
/usr/bin/cc     -o CMakeFiles/cmTC_aa703.dir/CheckIncludeFile.c.o   -c /home/adarsh/adarsh/Machine_Learning_in_Action/FaceDetection/dlib-19.6/build/CMakeFiles/CMakeTmp/CheckIncludeFile.c
Linking C executable cmTC_aa703
/usr/bin/cmake -E cmake_link_script CMakeFiles/cmTC_aa703.dir/link.txt --verbose=1
/usr/bin/cc       CMakeFiles/cmTC_aa703.dir/CheckIncludeFile.c.o  -o cmTC_aa703 -rdynamic 
make[1]: Leaving directory '/home/adarsh/adarsh/Machine_Learning_in_Action/FaceDetection/dlib-19.6/build/CMakeFiles/CMakeTmp'


Determining if the include file stdint.h exists passed with the following output:
Change Dir: /home/adarsh/adarsh/Machine_Learning_in_Action/FaceDetection/dlib-19.6/build/CMakeFiles/CMakeTmp

Run Build Command:"/usr/bin/make" "cmTC_ecbe2/fast"
/usr/bin/make -f CMakeFiles/cmTC_ecbe2.dir/build.make CMakeFiles/cmTC_ecbe2.dir/build
make[1]: Entering directory '/home/adarsh/adarsh/Machine_Learning_in_Action/FaceDetection/dlib-19.6/build/CMakeFiles/CMakeTmp'
Building C object CMakeFiles/cmTC_ecbe2.dir/CheckIncludeFile.c.o
/usr/bin/cc     -o CMakeFiles/cmTC_ecbe2.dir/CheckIncludeFile.c.o   -c /home/adarsh/adarsh/Machine_Learning_in_Action/FaceDetection/dlib-19.6/build/CMakeFiles/CMakeTmp/CheckIncludeFile.c
Linking C executable cmTC_ecbe2
/usr/bin/cmake -E cmake_link_script CMakeFiles/cmTC_ecbe2.dir/link.txt --verbose=1
/usr/bin/cc       CMakeFiles/cmTC_ecbe2.dir/CheckIncludeFile.c.o  -o cmTC_ecbe2 -rdynamic 
make[1]: Leaving directory '/home/adarsh/adarsh/Machine_Learning_in_Action/FaceDetection/dlib-19.6/build/CMakeFiles/CMakeTmp'


Determining if the include file stddef.h exists passed with the following output:
Change Dir: /home/adarsh/adarsh/Machine_Learning_in_Action/FaceDetection/dlib-19.6/build/CMakeFiles/CMakeTmp

Run Build Command:"/usr/bin/make" "cmTC_53a0b/fast"
/usr/bin/make -f CMakeFiles/cmTC_53a0b.dir/build.make CMakeFiles/cmTC_53a0b.dir/build
make[1]: Entering directory '/home/adarsh/adarsh/Machine_Learning_in_Action/FaceDetection/dlib-19.6/build/CMakeFiles/CMakeTmp'
Building C object CMakeFiles/cmTC_53a0b.dir/CheckIncludeFile.c.o
/usr/bin/cc     -o CMakeFiles/cmTC_53a0b.dir/CheckIncludeFile.c.o   -c /home/adarsh/adarsh/Machine_Learning_in_Action/FaceDetection/dlib-19.6/build/CMakeFiles/CMakeTmp/CheckIncludeFile.c
Linking C executable cmTC_53a0b
/usr/bin/cmake -E cmake_link_script CMakeFiles/cmTC_53a0b.dir/link.txt --verbose=1
/usr/bin/cc       CMakeFiles/cmTC_53a0b.dir/CheckIncludeFile.c.o  -o cmTC_53a0b -rdynamic 
make[1]: Leaving directory '/home/adarsh/adarsh/Machine_Learning_in_Action/FaceDetection/dlib-19.6/build/CMakeFiles/CMakeTmp'


Determining size of void* passed with the following output:
Change Dir: /home/adarsh/adarsh/Machine_Learning_in_Action/FaceDetection/dlib-19.6/build/CMakeFiles/CMakeTmp

Run Build Command:"/usr/bin/make" "cmTC_6dd10/fast"
/usr/bin/make -f CMakeFiles/cmTC_6dd10.dir/build.make CMakeFiles/cmTC_6dd10.dir/build
make[1]: Entering directory '/home/adarsh/adarsh/Machine_Learning_in_Action/FaceDetection/dlib-19.6/build/CMakeFiles/CMakeTmp'
Building C object CMakeFiles/cmTC_6dd10.dir/SIZE_OF_VOID_PTR.c.o
/usr/bin/cc     -o CMakeFiles/cmTC_6dd10.dir/SIZE_OF_VOID_PTR.c.o   -c /home/adarsh/adarsh/Machine_Learning_in_Action/FaceDetection/dlib-19.6/build/CMakeFiles/CheckTypeSize/SIZE_OF_VOID_PTR.c
Linking C executable cmTC_6dd10
/usr/bin/cmake -E cmake_link_script CMakeFiles/cmTC_6dd10.dir/link.txt --verbose=1
/usr/bin/cc       CMakeFiles/cmTC_6dd10.dir/SIZE_OF_VOID_PTR.c.o  -o cmTC_6dd10 -rdynamic /usr/lib/x86_64-linux-gnu/libpng.so /usr/lib/x86_64-linux-gnu/libz.so 
make[1]: Leaving directory '/home/adarsh/adarsh/Machine_Learning_in_Action/FaceDetection/dlib-19.6/build/CMakeFiles/CMakeTmp'


Determining if the function cblas_ddot exists passed with the following output:
Change Dir: /home/adarsh/adarsh/Machine_Learning_in_Action/FaceDetection/dlib-19.6/build/CMakeFiles/CMakeTmp

Run Build Command:"/usr/bin/make" "cmTC_4203e/fast"
/usr/bin/make -f CMakeFiles/cmTC_4203e.dir/build.make CMakeFiles/cmTC_4203e.dir/build
make[1]: Entering directory '/home/adarsh/adarsh/Machine_Learning_in_Action/FaceDetection/dlib-19.6/build/CMakeFiles/CMakeTmp'
Building C object CMakeFiles/cmTC_4203e.dir/CheckFunctionExists.c.o
/usr/bin/cc    -DCHECK_FUNCTION_EXISTS=cblas_ddot   -o CMakeFiles/cmTC_4203e.dir/CheckFunctionExists.c.o   -c /usr/share/cmake-3.5/Modules/CheckFunctionExists.c
Linking C executable cmTC_4203e
/usr/bin/cmake -E cmake_link_script CMakeFiles/cmTC_4203e.dir/link.txt --verbose=1
/usr/bin/cc   -DCHECK_FUNCTION_EXISTS=cblas_ddot    CMakeFiles/cmTC_4203e.dir/CheckFunctionExists.c.o  -o cmTC_4203e -rdynamic /usr/lib/libatlas.so /usr/lib/libcblas.so 
make[1]: Leaving directory '/home/adarsh/adarsh/Machine_Learning_in_Action/FaceDetection/dlib-19.6/build/CMakeFiles/CMakeTmp'


